Loading pickled data...
Done in 1.83 minutes.
Building model...
Building "simple" model.
--------------------------------------------------------------------------------
Initial input shape: (None, 3, 224, 224)
--------------------------------------------------------------------------------
Layer (name)                  Output Shape                  Param #             
--------------------------------------------------------------------------------
Convolution2D (convolution2d) (None, 32, 224, 224)          3488                
Activation (activation)       (None, 32, 224, 224)          0                   
Convolution2D (convolution2d) (None, 32, 220, 220)          25632               
Activation (activation)       (None, 32, 220, 220)          0                   
MaxPooling2D (maxpooling2d)   (None, 32, 110, 110)          0                   
Dropout (dropout)             (None, 32, 110, 110)          0                   
Convolution2D (convolution2d) (None, 64, 110, 110)          18496               
Activation (activation)       (None, 64, 110, 110)          0                   
Convolution2D (convolution2d) (None, 64, 108, 108)          36928               
Activation (activation)       (None, 64, 108, 108)          0                   
MaxPooling2D (maxpooling2d)   (None, 64, 54, 54)            0                   
Dropout (dropout)             (None, 64, 54, 54)            0                   
Flatten (flatten)             (None, 186624)                0                   
Dense (dense)                 (None, 512)                   95552000            
Activation (activation)       (None, 512)                   0                   
Dropout (dropout)             (None, 512)                   0                   
Dense (dense)                 (None, 11)                    5643                
Activation (activation)       (None, 11)                    0                   
--------------------------------------------------------------------------------
Total params: 95642187
--------------------------------------------------------------------------------
Done in 23.79 seconds.
Training model...
Train on 1100 samples, validate on 220 samples
Epoch 1/50
1100/1100 [==============================] - 34s - loss: 2.6516 - acc: 0.0755 - val_loss: 2.3971 - val_acc: 0.0818
Epoch 2/50
1100/1100 [==============================] - 34s - loss: 2.3949 - acc: 0.0900 - val_loss: 2.3962 - val_acc: 0.0955
Epoch 3/50
1100/1100 [==============================] - 34s - loss: 2.3919 - acc: 0.0909 - val_loss: 2.3956 - val_acc: 0.1136
Epoch 4/50
1100/1100 [==============================] - 34s - loss: 2.3919 - acc: 0.0827 - val_loss: 2.3951 - val_acc: 0.1091
Epoch 5/50
1100/1100 [==============================] - 34s - loss: 2.3881 - acc: 0.1009 - val_loss: 2.3947 - val_acc: 0.1091
Epoch 6/50
1100/1100 [==============================] - 34s - loss: 2.3896 - acc: 0.0918 - val_loss: 2.3944 - val_acc: 0.1091
Epoch 7/50
1100/1100 [==============================] - 34s - loss: 2.3871 - acc: 0.1082 - val_loss: 2.3940 - val_acc: 0.1091
Epoch 8/50
1100/1100 [==============================] - 34s - loss: 2.3854 - acc: 0.1100 - val_loss: 2.3937 - val_acc: 0.1091
Epoch 9/50
1100/1100 [==============================] - 34s - loss: 2.3853 - acc: 0.1036 - val_loss: 2.3934 - val_acc: 0.1045
Epoch 10/50
1100/1100 [==============================] - 34s - loss: 2.3820 - acc: 0.1036 - val_loss: 2.3931 - val_acc: 0.1136
Epoch 11/50
1100/1100 [==============================] - 34s - loss: 2.3834 - acc: 0.1045 - val_loss: 2.3929 - val_acc: 0.1136
Epoch 12/50
1100/1100 [==============================] - 34s - loss: 2.3829 - acc: 0.1145 - val_loss: 2.3926 - val_acc: 0.1045
Epoch 13/50
1100/1100 [==============================] - 34s - loss: 2.3802 - acc: 0.1118 - val_loss: 2.3924 - val_acc: 0.0955
Epoch 14/50
1100/1100 [==============================] - 34s - loss: 2.3818 - acc: 0.1100 - val_loss: 2.3922 - val_acc: 0.0955
Epoch 15/50
1100/1100 [==============================] - 34s - loss: 2.3847 - acc: 0.0973 - val_loss: 2.3920 - val_acc: 0.0955
Epoch 16/50
1100/1100 [==============================] - 34s - loss: 2.3838 - acc: 0.1091 - val_loss: 2.3918 - val_acc: 0.0955
Epoch 17/50
1100/1100 [==============================] - 34s - loss: 2.3821 - acc: 0.1000 - val_loss: 2.3916 - val_acc: 0.0955
Epoch 18/50
1100/1100 [==============================] - 34s - loss: 2.3797 - acc: 0.1100 - val_loss: 2.3914 - val_acc: 0.0955
Epoch 19/50
1100/1100 [==============================] - 34s - loss: 2.3789 - acc: 0.1009 - val_loss: 2.3912 - val_acc: 0.0955
Epoch 20/50
1100/1100 [==============================] - 34s - loss: 2.3814 - acc: 0.1091 - val_loss: 2.3911 - val_acc: 0.0955
Epoch 21/50
1100/1100 [==============================] - 34s - loss: 2.3819 - acc: 0.0973 - val_loss: 2.3909 - val_acc: 0.0955
Epoch 22/50
1100/1100 [==============================] - 34s - loss: 2.3783 - acc: 0.1136 - val_loss: 2.3908 - val_acc: 0.0955
Epoch 23/50
1100/1100 [==============================] - 34s - loss: 2.3769 - acc: 0.1064 - val_loss: 2.3906 - val_acc: 0.0864
Epoch 24/50
1100/1100 [==============================] - 34s - loss: 2.3783 - acc: 0.1118 - val_loss: 2.3904 - val_acc: 0.0864
Epoch 25/50
1100/1100 [==============================] - 34s - loss: 2.3766 - acc: 0.1100 - val_loss: 2.3903 - val_acc: 0.0864
Epoch 26/50
1100/1100 [==============================] - 34s - loss: 2.3812 - acc: 0.0991 - val_loss: 2.3901 - val_acc: 0.0864
Epoch 27/50
1100/1100 [==============================] - 34s - loss: 2.3775 - acc: 0.1164 - val_loss: 2.3900 - val_acc: 0.0864
Epoch 28/50
1100/1100 [==============================] - 34s - loss: 2.3766 - acc: 0.0991 - val_loss: 2.3899 - val_acc: 0.0864
Epoch 29/50
1100/1100 [==============================] - 34s - loss: 2.3806 - acc: 0.0991 - val_loss: 2.3898 - val_acc: 0.0864
Epoch 30/50
1100/1100 [==============================] - 34s - loss: 2.3778 - acc: 0.0991 - val_loss: 2.3897 - val_acc: 0.0864
Epoch 31/50
1100/1100 [==============================] - 34s - loss: 2.3745 - acc: 0.1127 - val_loss: 2.3895 - val_acc: 0.0864
Epoch 32/50
1100/1100 [==============================] - 34s - loss: 2.3778 - acc: 0.0973 - val_loss: 2.3894 - val_acc: 0.0864
Epoch 33/50
1100/1100 [==============================] - 34s - loss: 2.3720 - acc: 0.1127 - val_loss: 2.3892 - val_acc: 0.0909
Epoch 34/50
1100/1100 [==============================] - 34s - loss: 2.3747 - acc: 0.1118 - val_loss: 2.3890 - val_acc: 0.0909
Epoch 35/50
1100/1100 [==============================] - 34s - loss: 2.3716 - acc: 0.1100 - val_loss: 2.3889 - val_acc: 0.0909
Epoch 36/50
1100/1100 [==============================] - 34s - loss: 2.3773 - acc: 0.0973 - val_loss: 2.3888 - val_acc: 0.0909
Epoch 37/50
1100/1100 [==============================] - 34s - loss: 2.3741 - acc: 0.0982 - val_loss: 2.3886 - val_acc: 0.0909
Epoch 38/50
1100/1100 [==============================] - 34s - loss: 2.3728 - acc: 0.1182 - val_loss: 2.3885 - val_acc: 0.0909
Epoch 39/50
1100/1100 [==============================] - 34s - loss: 2.3720 - acc: 0.1191 - val_loss: 2.3883 - val_acc: 0.0909
Epoch 40/50
1100/1100 [==============================] - 34s - loss: 2.3701 - acc: 0.1164 - val_loss: 2.3882 - val_acc: 0.0909
Epoch 41/50
1100/1100 [==============================] - 34s - loss: 2.3706 - acc: 0.1091 - val_loss: 2.3880 - val_acc: 0.0909
Epoch 42/50
1100/1100 [==============================] - 34s - loss: 2.3754 - acc: 0.1136 - val_loss: 2.3879 - val_acc: 0.0909
Epoch 43/50
1100/1100 [==============================] - 34s - loss: 2.3674 - acc: 0.1136 - val_loss: 2.3878 - val_acc: 0.0909
Epoch 44/50
1100/1100 [==============================] - 34s - loss: 2.3746 - acc: 0.1055 - val_loss: 2.3877 - val_acc: 0.0909
Epoch 45/50
1100/1100 [==============================] - 34s - loss: 2.3720 - acc: 0.0945 - val_loss: 2.3875 - val_acc: 0.0909
Epoch 46/50
1100/1100 [==============================] - 34s - loss: 2.3733 - acc: 0.1073 - val_loss: 2.3874 - val_acc: 0.0909
Epoch 47/50
1100/1100 [==============================] - 34s - loss: 2.3722 - acc: 0.1082 - val_loss: 2.3873 - val_acc: 0.0909
Epoch 48/50
1100/1100 [==============================] - 34s - loss: 2.3707 - acc: 0.1064 - val_loss: 2.3872 - val_acc: 0.0909
Epoch 49/50
1100/1100 [==============================] - 34s - loss: 2.3711 - acc: 0.1018 - val_loss: 2.3871 - val_acc: 0.0909
Epoch 50/50
1100/1100 [==============================] - 34s - loss: 2.3670 - acc: 0.1091 - val_loss: 2.3870 - val_acc: 0.0909
Done in 28.92 minutes.
