Loading pickled data...
Done in 1.64 minutes.
Building model...
Building "simple" model.
--------------------------------------------------------------------------------
Initial input shape: (None, 3, 224, 224)
--------------------------------------------------------------------------------
Layer (name)                  Output Shape                  Param #             
--------------------------------------------------------------------------------
Convolution2D (convolution2d) (None, 32, 224, 224)          3488                
Activation (activation)       (None, 32, 224, 224)          0                   
Convolution2D (convolution2d) (None, 32, 220, 220)          25632               
Activation (activation)       (None, 32, 220, 220)          0                   
MaxPooling2D (maxpooling2d)   (None, 32, 110, 110)          0                   
Dropout (dropout)             (None, 32, 110, 110)          0                   
Convolution2D (convolution2d) (None, 64, 110, 110)          18496               
Activation (activation)       (None, 64, 110, 110)          0                   
Convolution2D (convolution2d) (None, 64, 108, 108)          36928               
Activation (activation)       (None, 64, 108, 108)          0                   
MaxPooling2D (maxpooling2d)   (None, 64, 54, 54)            0                   
Dropout (dropout)             (None, 64, 54, 54)            0                   
Flatten (flatten)             (None, 186624)                0                   
Dense (dense)                 (None, 512)                   95552000            
Activation (activation)       (None, 512)                   0                   
Dropout (dropout)             (None, 512)                   0                   
Dense (dense)                 (None, 11)                    5643                
Activation (activation)       (None, 11)                    0                   
--------------------------------------------------------------------------------
Total params: 95642187
--------------------------------------------------------------------------------
Done in 22.22 seconds.
Training model...
Train on 1100 samples, validate on 220 samples
Epoch 1/50
1100/1100 [==============================] - 35s - loss: 2.5804 - acc: 0.1064 - val_loss: 2.3953 - val_acc: 0.0909
Epoch 2/50
1100/1100 [==============================] - 34s - loss: 2.3967 - acc: 0.1091 - val_loss: 2.3942 - val_acc: 0.1000
Epoch 3/50
1100/1100 [==============================] - 34s - loss: 2.3931 - acc: 0.1100 - val_loss: 2.3935 - val_acc: 0.1136
Epoch 4/50
1100/1100 [==============================] - 35s - loss: 2.3931 - acc: 0.0909 - val_loss: 2.3930 - val_acc: 0.1136
Epoch 5/50
1100/1100 [==============================] - 34s - loss: 2.3938 - acc: 0.0955 - val_loss: 2.3925 - val_acc: 0.1136
Epoch 6/50
1100/1100 [==============================] - 34s - loss: 2.3903 - acc: 0.1245 - val_loss: 2.3921 - val_acc: 0.1091
Epoch 7/50
1100/1100 [==============================] - 34s - loss: 2.3906 - acc: 0.1264 - val_loss: 2.3918 - val_acc: 0.1091
Epoch 8/50
1100/1100 [==============================] - 34s - loss: 2.3876 - acc: 0.1136 - val_loss: 2.3914 - val_acc: 0.1045
Epoch 9/50
1100/1100 [==============================] - 34s - loss: 2.3895 - acc: 0.1073 - val_loss: 2.3911 - val_acc: 0.1045
Epoch 10/50
1100/1100 [==============================] - 34s - loss: 2.3863 - acc: 0.1227 - val_loss: 2.3908 - val_acc: 0.1091
Epoch 11/50
1100/1100 [==============================] - 34s - loss: 2.3918 - acc: 0.1100 - val_loss: 2.3906 - val_acc: 0.1091
Epoch 12/50
1100/1100 [==============================] - 34s - loss: 2.3902 - acc: 0.1073 - val_loss: 2.3904 - val_acc: 0.1045
Epoch 13/50
1100/1100 [==============================] - 34s - loss: 2.3871 - acc: 0.1064 - val_loss: 2.3902 - val_acc: 0.1045
Epoch 14/50
1100/1100 [==============================] - 34s - loss: 2.3870 - acc: 0.1200 - val_loss: 2.3899 - val_acc: 0.1045
Epoch 15/50
1100/1100 [==============================] - 34s - loss: 2.3895 - acc: 0.1045 - val_loss: 2.3897 - val_acc: 0.1045
Epoch 16/50
1100/1100 [==============================] - 34s - loss: 2.3899 - acc: 0.1182 - val_loss: 2.3896 - val_acc: 0.1045
Epoch 17/50
1100/1100 [==============================] - 34s - loss: 2.3881 - acc: 0.1145 - val_loss: 2.3894 - val_acc: 0.1045
Epoch 18/50
1100/1100 [==============================] - 34s - loss: 2.3852 - acc: 0.1127 - val_loss: 2.3892 - val_acc: 0.1045
Epoch 19/50
1100/1100 [==============================] - 34s - loss: 2.3875 - acc: 0.1127 - val_loss: 2.3891 - val_acc: 0.1045
Epoch 20/50
1100/1100 [==============================] - 34s - loss: 2.3865 - acc: 0.1282 - val_loss: 2.3889 - val_acc: 0.1091
Epoch 21/50
1100/1100 [==============================] - 34s - loss: 2.3853 - acc: 0.1218 - val_loss: 2.3888 - val_acc: 0.1045
Epoch 22/50
1100/1100 [==============================] - 34s - loss: 2.3865 - acc: 0.1100 - val_loss: 2.3886 - val_acc: 0.1045
Epoch 23/50
1100/1100 [==============================] - 34s - loss: 2.3845 - acc: 0.1082 - val_loss: 2.3884 - val_acc: 0.1045
Epoch 24/50
1100/1100 [==============================] - 34s - loss: 2.3844 - acc: 0.1218 - val_loss: 2.3883 - val_acc: 0.1045
Epoch 25/50
1100/1100 [==============================] - 34s - loss: 2.3837 - acc: 0.1309 - val_loss: 2.3882 - val_acc: 0.1091
Epoch 26/50
1100/1100 [==============================] - 34s - loss: 2.3862 - acc: 0.1136 - val_loss: 2.3880 - val_acc: 0.1091
Epoch 27/50
1100/1100 [==============================] - 34s - loss: 2.3878 - acc: 0.1173 - val_loss: 2.3879 - val_acc: 0.1091
Epoch 28/50
1100/1100 [==============================] - 34s - loss: 2.3823 - acc: 0.1291 - val_loss: 2.3878 - val_acc: 0.1091
Epoch 29/50
1100/1100 [==============================] - 34s - loss: 2.3862 - acc: 0.1100 - val_loss: 2.3877 - val_acc: 0.1091
Epoch 30/50
1100/1100 [==============================] - 34s - loss: 2.3834 - acc: 0.1145 - val_loss: 2.3876 - val_acc: 0.1091
Epoch 31/50
1100/1100 [==============================] - 34s - loss: 2.3800 - acc: 0.1245 - val_loss: 2.3874 - val_acc: 0.1091
Epoch 32/50
1100/1100 [==============================] - 34s - loss: 2.3835 - acc: 0.1191 - val_loss: 2.3872 - val_acc: 0.1091
Epoch 33/50
1100/1100 [==============================] - 34s - loss: 2.3845 - acc: 0.1200 - val_loss: 2.3871 - val_acc: 0.1091
Epoch 34/50
1100/1100 [==============================] - 34s - loss: 2.3845 - acc: 0.1145 - val_loss: 2.3870 - val_acc: 0.1091
Epoch 35/50
1100/1100 [==============================] - 34s - loss: 2.3806 - acc: 0.1218 - val_loss: 2.3869 - val_acc: 0.1091
Epoch 36/50
1100/1100 [==============================] - 34s - loss: 2.3823 - acc: 0.1100 - val_loss: 2.3868 - val_acc: 0.1091
Epoch 37/50
1100/1100 [==============================] - 34s - loss: 2.3789 - acc: 0.1364 - val_loss: 2.3867 - val_acc: 0.1091
Epoch 38/50
1100/1100 [==============================] - 34s - loss: 2.3837 - acc: 0.1000 - val_loss: 2.3866 - val_acc: 0.1091
Epoch 39/50
1100/1100 [==============================] - 34s - loss: 2.3824 - acc: 0.1227 - val_loss: 2.3865 - val_acc: 0.1091
Epoch 40/50
1100/1100 [==============================] - 34s - loss: 2.3850 - acc: 0.1218 - val_loss: 2.3864 - val_acc: 0.1136
Epoch 41/50
1100/1100 [==============================] - 34s - loss: 2.3805 - acc: 0.1227 - val_loss: 2.3863 - val_acc: 0.1091
Epoch 42/50
1100/1100 [==============================] - 34s - loss: 2.3838 - acc: 0.1218 - val_loss: 2.3862 - val_acc: 0.1091
Epoch 43/50
1100/1100 [==============================] - 34s - loss: 2.3837 - acc: 0.1227 - val_loss: 2.3862 - val_acc: 0.1045
Epoch 44/50
1100/1100 [==============================] - 34s - loss: 2.3816 - acc: 0.1182 - val_loss: 2.3861 - val_acc: 0.1000
Epoch 45/50
1100/1100 [==============================] - 34s - loss: 2.3798 - acc: 0.1345 - val_loss: 2.3859 - val_acc: 0.0955
Epoch 46/50
1100/1100 [==============================] - 34s - loss: 2.3836 - acc: 0.1209 - val_loss: 2.3859 - val_acc: 0.0955
Epoch 47/50
1100/1100 [==============================] - 34s - loss: 2.3785 - acc: 0.1191 - val_loss: 2.3858 - val_acc: 0.0955
Epoch 48/50
1100/1100 [==============================] - 34s - loss: 2.3787 - acc: 0.1318 - val_loss: 2.3857 - val_acc: 0.0955
Epoch 49/50
1100/1100 [==============================] - 34s - loss: 2.3812 - acc: 0.1191 - val_loss: 2.3856 - val_acc: 0.1000
Epoch 50/50
1100/1100 [==============================] - 34s - loss: 2.3811 - acc: 0.1236 - val_loss: 2.3855 - val_acc: 0.1000
Done in 28.82 minutes.
