Loading pickled data...
Done in 1.82 minutes.
Building model...
Building "simple" model.
--------------------------------------------------------------------------------
Initial input shape: (None, 3, 224, 224)
--------------------------------------------------------------------------------
Layer (name)                  Output Shape                  Param #             
--------------------------------------------------------------------------------
Convolution2D (convolution2d) (None, 32, 224, 224)          3488                
Activation (activation)       (None, 32, 224, 224)          0                   
Convolution2D (convolution2d) (None, 32, 220, 220)          25632               
Activation (activation)       (None, 32, 220, 220)          0                   
MaxPooling2D (maxpooling2d)   (None, 32, 110, 110)          0                   
Dropout (dropout)             (None, 32, 110, 110)          0                   
Convolution2D (convolution2d) (None, 64, 110, 110)          18496               
Activation (activation)       (None, 64, 110, 110)          0                   
Convolution2D (convolution2d) (None, 64, 108, 108)          36928               
Activation (activation)       (None, 64, 108, 108)          0                   
MaxPooling2D (maxpooling2d)   (None, 64, 54, 54)            0                   
Dropout (dropout)             (None, 64, 54, 54)            0                   
Flatten (flatten)             (None, 186624)                0                   
Dense (dense)                 (None, 512)                   95552000            
Activation (activation)       (None, 512)                   0                   
Dropout (dropout)             (None, 512)                   0                   
Dense (dense)                 (None, 11)                    5643                
Activation (activation)       (None, 11)                    0                   
--------------------------------------------------------------------------------
Total params: 95642187
--------------------------------------------------------------------------------
Done in 25.42 seconds.
Training model...
Train on 1100 samples, validate on 220 samples
Epoch 1/50
1100/1100 [==============================] - 35s - loss: 2.6625 - acc: 0.1082 - val_loss: 2.3946 - val_acc: 0.1091
Epoch 2/50
1100/1100 [==============================] - 34s - loss: 2.3930 - acc: 0.1264 - val_loss: 2.3943 - val_acc: 0.1045
Epoch 3/50
1100/1100 [==============================] - 35s - loss: 2.3928 - acc: 0.1118 - val_loss: 2.3941 - val_acc: 0.1045
Epoch 4/50
1100/1100 [==============================] - 35s - loss: 2.3934 - acc: 0.1209 - val_loss: 2.3939 - val_acc: 0.1136
Epoch 5/50
1100/1100 [==============================] - 35s - loss: 2.3926 - acc: 0.1064 - val_loss: 2.3938 - val_acc: 0.1182
Epoch 6/50
1100/1100 [==============================] - 34s - loss: 2.3918 - acc: 0.1155 - val_loss: 2.3936 - val_acc: 0.1273
Epoch 7/50
1100/1100 [==============================] - 35s - loss: 2.3914 - acc: 0.1236 - val_loss: 2.3935 - val_acc: 0.1318
Epoch 8/50
1100/1100 [==============================] - 35s - loss: 2.3920 - acc: 0.1091 - val_loss: 2.3935 - val_acc: 0.1318
Epoch 9/50
1100/1100 [==============================] - 35s - loss: 2.3910 - acc: 0.1300 - val_loss: 2.3934 - val_acc: 0.1318
Epoch 10/50
1100/1100 [==============================] - 35s - loss: 2.3906 - acc: 0.1164 - val_loss: 2.3933 - val_acc: 0.1364
Epoch 11/50
1100/1100 [==============================] - 35s - loss: 2.3923 - acc: 0.1064 - val_loss: 2.3932 - val_acc: 0.1273
Epoch 12/50
1100/1100 [==============================] - 35s - loss: 2.3905 - acc: 0.1073 - val_loss: 2.3932 - val_acc: 0.1318
Epoch 13/50
1100/1100 [==============================] - 35s - loss: 2.3919 - acc: 0.1164 - val_loss: 2.3931 - val_acc: 0.1318
Epoch 14/50
1100/1100 [==============================] - 35s - loss: 2.3915 - acc: 0.1227 - val_loss: 2.3931 - val_acc: 0.1318
Epoch 15/50
1100/1100 [==============================] - 35s - loss: 2.3924 - acc: 0.1173 - val_loss: 2.3930 - val_acc: 0.1318
Epoch 16/50
1100/1100 [==============================] - 35s - loss: 2.3921 - acc: 0.1264 - val_loss: 2.3930 - val_acc: 0.1318
Epoch 17/50
1100/1100 [==============================] - 35s - loss: 2.3903 - acc: 0.1191 - val_loss: 2.3929 - val_acc: 0.1364
Epoch 18/50
1100/1100 [==============================] - 35s - loss: 2.3910 - acc: 0.1045 - val_loss: 2.3929 - val_acc: 0.1364
Epoch 19/50
1100/1100 [==============================] - 35s - loss: 2.3884 - acc: 0.1291 - val_loss: 2.3928 - val_acc: 0.1364
Epoch 20/50
1100/1100 [==============================] - 35s - loss: 2.3896 - acc: 0.1055 - val_loss: 2.3928 - val_acc: 0.1364
Epoch 21/50
1100/1100 [==============================] - 35s - loss: 2.3914 - acc: 0.1264 - val_loss: 2.3927 - val_acc: 0.1364
Epoch 22/50
1100/1100 [==============================] - 35s - loss: 2.3886 - acc: 0.1209 - val_loss: 2.3927 - val_acc: 0.1364
Epoch 23/50
1100/1100 [==============================] - 34s - loss: 2.3911 - acc: 0.1173 - val_loss: 2.3927 - val_acc: 0.1364
Epoch 24/50
1100/1100 [==============================] - 35s - loss: 2.3896 - acc: 0.1182 - val_loss: 2.3926 - val_acc: 0.1364
Epoch 25/50
1100/1100 [==============================] - 35s - loss: 2.3923 - acc: 0.1145 - val_loss: 2.3926 - val_acc: 0.1364
Epoch 26/50
1100/1100 [==============================] - 35s - loss: 2.3899 - acc: 0.1264 - val_loss: 2.3926 - val_acc: 0.1364
Epoch 27/50
1100/1100 [==============================] - 35s - loss: 2.3901 - acc: 0.1327 - val_loss: 2.3925 - val_acc: 0.1364
Epoch 28/50
1100/1100 [==============================] - 34s - loss: 2.3909 - acc: 0.1155 - val_loss: 2.3925 - val_acc: 0.1318
Epoch 29/50
1100/1100 [==============================] - 34s - loss: 2.3898 - acc: 0.1373 - val_loss: 2.3925 - val_acc: 0.1318
Epoch 30/50
1100/1100 [==============================] - 35s - loss: 2.3901 - acc: 0.1145 - val_loss: 2.3924 - val_acc: 0.1273
Epoch 31/50
1100/1100 [==============================] - 35s - loss: 2.3904 - acc: 0.1236 - val_loss: 2.3924 - val_acc: 0.1318
Epoch 32/50
1100/1100 [==============================] - 35s - loss: 2.3887 - acc: 0.1318 - val_loss: 2.3924 - val_acc: 0.1273
Epoch 33/50
1100/1100 [==============================] - 34s - loss: 2.3914 - acc: 0.1300 - val_loss: 2.3923 - val_acc: 0.1273
Epoch 34/50
1100/1100 [==============================] - 35s - loss: 2.3892 - acc: 0.1318 - val_loss: 2.3923 - val_acc: 0.1273
Epoch 35/50
1100/1100 [==============================] - 34s - loss: 2.3906 - acc: 0.1064 - val_loss: 2.3923 - val_acc: 0.1273
Epoch 36/50
1100/1100 [==============================] - 34s - loss: 2.3906 - acc: 0.1127 - val_loss: 2.3923 - val_acc: 0.1273
Epoch 37/50
1100/1100 [==============================] - 34s - loss: 2.3894 - acc: 0.1127 - val_loss: 2.3922 - val_acc: 0.1273
Epoch 38/50
1100/1100 [==============================] - 35s - loss: 2.3913 - acc: 0.1182 - val_loss: 2.3922 - val_acc: 0.1273
Epoch 39/50
1100/1100 [==============================] - 34s - loss: 2.3875 - acc: 0.1300 - val_loss: 2.3922 - val_acc: 0.1273
Epoch 40/50
1100/1100 [==============================] - 34s - loss: 2.3880 - acc: 0.1473 - val_loss: 2.3922 - val_acc: 0.1318
Epoch 41/50
1100/1100 [==============================] - 34s - loss: 2.3894 - acc: 0.1245 - val_loss: 2.3921 - val_acc: 0.1318
Epoch 42/50
1100/1100 [==============================] - 34s - loss: 2.3893 - acc: 0.1291 - val_loss: 2.3921 - val_acc: 0.1318
Epoch 43/50
1100/1100 [==============================] - 34s - loss: 2.3902 - acc: 0.1200 - val_loss: 2.3921 - val_acc: 0.1318
Epoch 44/50
1100/1100 [==============================] - 34s - loss: 2.3892 - acc: 0.1355 - val_loss: 2.3921 - val_acc: 0.1318
Epoch 45/50
1100/1100 [==============================] - 34s - loss: 2.3897 - acc: 0.1245 - val_loss: 2.3921 - val_acc: 0.1318
Epoch 46/50
1100/1100 [==============================] - 34s - loss: 2.3909 - acc: 0.1218 - val_loss: 2.3920 - val_acc: 0.1318
Epoch 47/50
1100/1100 [==============================] - 34s - loss: 2.3902 - acc: 0.1200 - val_loss: 2.3920 - val_acc: 0.1318
Epoch 48/50
1100/1100 [==============================] - 34s - loss: 2.3888 - acc: 0.0982 - val_loss: 2.3920 - val_acc: 0.1364
Epoch 49/50
1100/1100 [==============================] - 35s - loss: 2.3887 - acc: 0.1218 - val_loss: 2.3920 - val_acc: 0.1364
Epoch 50/50
1100/1100 [==============================] - 34s - loss: 2.3892 - acc: 0.1227 - val_loss: 2.3920 - val_acc: 0.1364
Done in 29.2 minutes.
