Loading pickled data...
Done in 1.36 minutes.
Loading word2vec soft labels...
Done in 0.02 seconds.
Building model...
Building "simple" model.
--------------------------------------------------------------------------------
Initial input shape: (None, 3, 224, 224)
--------------------------------------------------------------------------------
Layer (name)                  Output Shape                  Param #             
--------------------------------------------------------------------------------
Convolution2D (convolution2d) (None, 32, 224, 224)          3488                
Activation (activation)       (None, 32, 224, 224)          0                   
Convolution2D (convolution2d) (None, 32, 220, 220)          25632               
Activation (activation)       (None, 32, 220, 220)          0                   
MaxPooling2D (maxpooling2d)   (None, 32, 110, 110)          0                   
Dropout (dropout)             (None, 32, 110, 110)          0                   
Convolution2D (convolution2d) (None, 64, 110, 110)          18496               
Activation (activation)       (None, 64, 110, 110)          0                   
Convolution2D (convolution2d) (None, 64, 108, 108)          36928               
Activation (activation)       (None, 64, 108, 108)          0                   
MaxPooling2D (maxpooling2d)   (None, 64, 54, 54)            0                   
Dropout (dropout)             (None, 64, 54, 54)            0                   
Flatten (flatten)             (None, 186624)                0                   
Dense (dense)                 (None, 512)                   95552000            
Activation (activation)       (None, 512)                   0                   
Dropout (dropout)             (None, 512)                   0                   
Dense (dense)                 (None, 11)                    5643                
Activation (activation)       (None, 11)                    0                   
--------------------------------------------------------------------------------
Total params: 95642187
--------------------------------------------------------------------------------
Done in 21.93 seconds.
Training model...
Train on 1100 samples, validate on 220 samples
Epoch 1/50
1100/1100 [==============================] - 33s - loss: 5.5096 - acc: 0.1291 - val_loss: 5.1423 - val_acc: 0.1818
Epoch 2/50
1100/1100 [==============================] - 34s - loss: 5.1390 - acc: 0.1745 - val_loss: 5.1347 - val_acc: 0.1818
Epoch 3/50
1100/1100 [==============================] - 34s - loss: 5.1326 - acc: 0.1573 - val_loss: 5.1268 - val_acc: 0.1818
Epoch 4/50
1100/1100 [==============================] - 34s - loss: 5.1238 - acc: 0.1536 - val_loss: 5.1189 - val_acc: 0.1818
Epoch 5/50
1100/1100 [==============================] - 34s - loss: 5.1182 - acc: 0.1655 - val_loss: 5.1123 - val_acc: 0.1818
Epoch 6/50
1100/1100 [==============================] - 34s - loss: 5.1108 - acc: 0.1582 - val_loss: 5.1071 - val_acc: 0.1818
Epoch 7/50
1100/1100 [==============================] - 34s - loss: 5.1062 - acc: 0.1573 - val_loss: 5.1029 - val_acc: 0.1818
Epoch 8/50
1100/1100 [==============================] - 34s - loss: 5.1066 - acc: 0.1491 - val_loss: 5.0999 - val_acc: 0.1818
Epoch 9/50
1100/1100 [==============================] - 34s - loss: 5.1028 - acc: 0.1482 - val_loss: 5.0980 - val_acc: 0.1818
Epoch 10/50
1100/1100 [==============================] - 34s - loss: 5.1015 - acc: 0.1609 - val_loss: 5.0964 - val_acc: 0.1818
Epoch 11/50
1100/1100 [==============================] - 34s - loss: 5.0999 - acc: 0.1545 - val_loss: 5.0952 - val_acc: 0.1818
Epoch 12/50
1100/1100 [==============================] - 34s - loss: 5.1009 - acc: 0.1591 - val_loss: 5.0944 - val_acc: 0.1818
Epoch 13/50
1100/1100 [==============================] - 34s - loss: 5.1014 - acc: 0.1418 - val_loss: 5.0938 - val_acc: 0.1818
Epoch 14/50
1100/1100 [==============================] - 34s - loss: 5.0977 - acc: 0.1373 - val_loss: 5.0932 - val_acc: 0.1818
Epoch 15/50
1100/1100 [==============================] - 34s - loss: 5.0989 - acc: 0.1445 - val_loss: 5.0928 - val_acc: 0.1818
Epoch 16/50
1100/1100 [==============================] - 34s - loss: 5.0985 - acc: 0.1464 - val_loss: 5.0924 - val_acc: 0.1818
Epoch 17/50
1100/1100 [==============================] - 34s - loss: 5.0983 - acc: 0.1555 - val_loss: 5.0922 - val_acc: 0.1818
Epoch 18/50
1100/1100 [==============================] - 34s - loss: 5.0977 - acc: 0.1445 - val_loss: 5.0920 - val_acc: 0.1818
Epoch 19/50
1100/1100 [==============================] - 34s - loss: 5.0988 - acc: 0.1355 - val_loss: 5.0918 - val_acc: 0.1818
Epoch 20/50
1100/1100 [==============================] - 34s - loss: 5.0959 - acc: 0.1409 - val_loss: 5.0916 - val_acc: 0.1818
Epoch 21/50
1100/1100 [==============================] - 34s - loss: 5.0997 - acc: 0.1445 - val_loss: 5.0915 - val_acc: 0.1818
Epoch 22/50
1100/1100 [==============================] - 34s - loss: 5.0974 - acc: 0.1445 - val_loss: 5.0914 - val_acc: 0.1909
Epoch 23/50
1100/1100 [==============================] - 34s - loss: 5.0972 - acc: 0.1436 - val_loss: 5.0913 - val_acc: 0.1909
Epoch 24/50
1100/1100 [==============================] - 34s - loss: 5.0980 - acc: 0.1509 - val_loss: 5.0912 - val_acc: 0.1864
Epoch 25/50
1100/1100 [==============================] - 34s - loss: 5.0970 - acc: 0.1527 - val_loss: 5.0912 - val_acc: 0.1909
Epoch 26/50
1100/1100 [==============================] - 34s - loss: 5.0980 - acc: 0.1436 - val_loss: 5.0911 - val_acc: 0.1955
Epoch 27/50
1100/1100 [==============================] - 34s - loss: 5.0963 - acc: 0.1400 - val_loss: 5.0910 - val_acc: 0.1955
Epoch 28/50
1100/1100 [==============================] - 33s - loss: 5.0999 - acc: 0.1336 - val_loss: 5.0910 - val_acc: 0.1955
Epoch 29/50
1100/1100 [==============================] - 34s - loss: 5.0948 - acc: 0.1255 - val_loss: 5.0910 - val_acc: 0.1955
Epoch 30/50
1100/1100 [==============================] - 34s - loss: 5.0949 - acc: 0.1518 - val_loss: 5.0909 - val_acc: 0.1955
Epoch 31/50
1100/1100 [==============================] - 34s - loss: 5.0972 - acc: 0.1500 - val_loss: 5.0908 - val_acc: 0.2045
Epoch 32/50
1100/1100 [==============================] - 34s - loss: 5.0985 - acc: 0.1300 - val_loss: 5.0908 - val_acc: 0.1818
Epoch 33/50
1100/1100 [==============================] - 34s - loss: 5.0951 - acc: 0.1291 - val_loss: 5.0908 - val_acc: 0.1955
Epoch 34/50
1100/1100 [==============================] - 34s - loss: 5.0957 - acc: 0.1364 - val_loss: 5.0907 - val_acc: 0.1864
Epoch 35/50
1100/1100 [==============================] - 34s - loss: 5.0964 - acc: 0.1309 - val_loss: 5.0907 - val_acc: 0.2000
Epoch 36/50
1100/1100 [==============================] - 34s - loss: 5.0948 - acc: 0.1300 - val_loss: 5.0907 - val_acc: 0.2000
Epoch 37/50
1100/1100 [==============================] - 34s - loss: 5.0956 - acc: 0.1345 - val_loss: 5.0907 - val_acc: 0.2045
Epoch 38/50
1100/1100 [==============================] - 34s - loss: 5.0951 - acc: 0.1227 - val_loss: 5.0906 - val_acc: 0.2000
Epoch 39/50
1100/1100 [==============================] - 34s - loss: 5.0971 - acc: 0.1473 - val_loss: 5.0906 - val_acc: 0.1955
Epoch 40/50
1100/1100 [==============================] - 34s - loss: 5.0956 - acc: 0.1318 - val_loss: 5.0906 - val_acc: 0.2045
Epoch 41/50
1100/1100 [==============================] - 34s - loss: 5.0969 - acc: 0.1227 - val_loss: 5.0906 - val_acc: 0.2000
Epoch 42/50
1100/1100 [==============================] - 34s - loss: 5.0971 - acc: 0.1255 - val_loss: 5.0906 - val_acc: 0.2000
Epoch 43/50
1100/1100 [==============================] - 34s - loss: 5.0925 - acc: 0.1491 - val_loss: 5.0905 - val_acc: 0.2000
Epoch 44/50
1100/1100 [==============================] - 34s - loss: 5.0974 - acc: 0.1318 - val_loss: 5.0905 - val_acc: 0.2000
Epoch 45/50
1100/1100 [==============================] - 34s - loss: 5.0961 - acc: 0.1336 - val_loss: 5.0905 - val_acc: 0.2000
Epoch 46/50
1100/1100 [==============================] - 34s - loss: 5.0942 - acc: 0.1455 - val_loss: 5.0905 - val_acc: 0.2000
Epoch 47/50
1100/1100 [==============================] - 34s - loss: 5.0943 - acc: 0.1400 - val_loss: 5.0904 - val_acc: 0.2045
Epoch 48/50
1100/1100 [==============================] - 34s - loss: 5.0999 - acc: 0.1318 - val_loss: 5.0904 - val_acc: 0.2000
Epoch 49/50
1100/1100 [==============================] - 34s - loss: 5.0950 - acc: 0.1391 - val_loss: 5.0904 - val_acc: 0.2000
Epoch 50/50
1100/1100 [==============================] - 34s - loss: 5.0951 - acc: 0.1464 - val_loss: 5.0904 - val_acc: 0.2045
Done in 28.39 minutes.
