Loading pickled data...
Done in 1.73 minutes.
Loading word2vec soft labels...
Done in 0.0 seconds.
Building model...
Building "simple" model.
--------------------------------------------------------------------------------
Initial input shape: (None, 3, 224, 224)
--------------------------------------------------------------------------------
Layer (name)                  Output Shape                  Param #             
--------------------------------------------------------------------------------
Convolution2D (convolution2d) (None, 32, 224, 224)          3488                
Activation (activation)       (None, 32, 224, 224)          0                   
Convolution2D (convolution2d) (None, 32, 220, 220)          25632               
Activation (activation)       (None, 32, 220, 220)          0                   
MaxPooling2D (maxpooling2d)   (None, 32, 110, 110)          0                   
Dropout (dropout)             (None, 32, 110, 110)          0                   
Convolution2D (convolution2d) (None, 64, 110, 110)          18496               
Activation (activation)       (None, 64, 110, 110)          0                   
Convolution2D (convolution2d) (None, 64, 108, 108)          36928               
Activation (activation)       (None, 64, 108, 108)          0                   
MaxPooling2D (maxpooling2d)   (None, 64, 54, 54)            0                   
Dropout (dropout)             (None, 64, 54, 54)            0                   
Flatten (flatten)             (None, 186624)                0                   
Dense (dense)                 (None, 512)                   95552000            
Activation (activation)       (None, 512)                   0                   
Dropout (dropout)             (None, 512)                   0                   
Dense (dense)                 (None, 11)                    5643                
Activation (activation)       (None, 11)                    0                   
--------------------------------------------------------------------------------
Total params: 95642187
--------------------------------------------------------------------------------
Done in 30.04 seconds.
Training model...
Train on 1100 samples, validate on 220 samples
Epoch 1/50
1100/1100 [==============================] - 35s - loss: 5.4064 - acc: 0.1564 - val_loss: 5.1359 - val_acc: 0.1136
Epoch 2/50
1100/1100 [==============================] - 34s - loss: 5.1323 - acc: 0.1473 - val_loss: 5.1293 - val_acc: 0.1091
Epoch 3/50
1100/1100 [==============================] - 35s - loss: 5.1267 - acc: 0.1400 - val_loss: 5.1235 - val_acc: 0.1000
Epoch 4/50
1100/1100 [==============================] - 34s - loss: 5.1207 - acc: 0.1327 - val_loss: 5.1185 - val_acc: 0.1000
Epoch 5/50
1100/1100 [==============================] - 34s - loss: 5.1167 - acc: 0.1309 - val_loss: 5.1138 - val_acc: 0.1000
Epoch 6/50
1100/1100 [==============================] - 34s - loss: 5.1138 - acc: 0.1418 - val_loss: 5.1101 - val_acc: 0.1000
Epoch 7/50
1100/1100 [==============================] - 34s - loss: 5.1108 - acc: 0.1355 - val_loss: 5.1071 - val_acc: 0.1000
Epoch 8/50
1100/1100 [==============================] - 35s - loss: 5.1078 - acc: 0.1236 - val_loss: 5.1044 - val_acc: 0.1000
Epoch 9/50
1100/1100 [==============================] - 34s - loss: 5.1040 - acc: 0.1264 - val_loss: 5.1019 - val_acc: 0.0955
Epoch 10/50
1100/1100 [==============================] - 34s - loss: 5.1012 - acc: 0.1364 - val_loss: 5.0997 - val_acc: 0.0909
Epoch 11/50
1100/1100 [==============================] - 34s - loss: 5.1002 - acc: 0.1445 - val_loss: 5.0979 - val_acc: 0.0909
Epoch 12/50
1100/1100 [==============================] - 34s - loss: 5.1013 - acc: 0.1336 - val_loss: 5.0964 - val_acc: 0.0909
Epoch 13/50
1100/1100 [==============================] - 34s - loss: 5.0979 - acc: 0.1427 - val_loss: 5.0952 - val_acc: 0.0909
Epoch 14/50
1100/1100 [==============================] - 34s - loss: 5.0979 - acc: 0.1309 - val_loss: 5.0941 - val_acc: 0.0909
Epoch 15/50
1100/1100 [==============================] - 34s - loss: 5.0997 - acc: 0.1391 - val_loss: 5.0933 - val_acc: 0.0909
Epoch 16/50
1100/1100 [==============================] - 34s - loss: 5.0967 - acc: 0.1436 - val_loss: 5.0925 - val_acc: 0.0909
Epoch 17/50
1100/1100 [==============================] - 34s - loss: 5.0958 - acc: 0.1409 - val_loss: 5.0918 - val_acc: 0.0909
Epoch 18/50
1100/1100 [==============================] - 34s - loss: 5.0964 - acc: 0.1373 - val_loss: 5.0911 - val_acc: 0.0909
Epoch 19/50
1100/1100 [==============================] - 34s - loss: 5.0935 - acc: 0.1564 - val_loss: 5.0905 - val_acc: 0.0909
Epoch 20/50
1100/1100 [==============================] - 34s - loss: 5.0917 - acc: 0.1573 - val_loss: 5.0900 - val_acc: 0.0909
Epoch 21/50
1100/1100 [==============================] - 34s - loss: 5.0952 - acc: 0.1364 - val_loss: 5.0895 - val_acc: 0.0909
Epoch 22/50
1100/1100 [==============================] - 34s - loss: 5.0936 - acc: 0.1336 - val_loss: 5.0891 - val_acc: 0.0909
Epoch 23/50
1100/1100 [==============================] - 34s - loss: 5.0914 - acc: 0.1373 - val_loss: 5.0887 - val_acc: 0.0955
Epoch 24/50
1100/1100 [==============================] - 34s - loss: 5.0914 - acc: 0.1355 - val_loss: 5.0883 - val_acc: 0.0909
Epoch 25/50
1100/1100 [==============================] - 34s - loss: 5.0908 - acc: 0.1336 - val_loss: 5.0879 - val_acc: 0.1455
Epoch 26/50
1100/1100 [==============================] - 34s - loss: 5.0918 - acc: 0.1473 - val_loss: 5.0876 - val_acc: 0.1455
Epoch 27/50
1100/1100 [==============================] - 34s - loss: 5.0900 - acc: 0.1455 - val_loss: 5.0873 - val_acc: 0.1455
Epoch 28/50
1100/1100 [==============================] - 34s - loss: 5.0900 - acc: 0.1545 - val_loss: 5.0871 - val_acc: 0.1545
Epoch 29/50
1100/1100 [==============================] - 34s - loss: 5.0913 - acc: 0.1345 - val_loss: 5.0869 - val_acc: 0.1682
Epoch 30/50
1100/1100 [==============================] - 34s - loss: 5.0891 - acc: 0.1573 - val_loss: 5.0867 - val_acc: 0.1682
Epoch 31/50
1100/1100 [==============================] - 34s - loss: 5.0867 - acc: 0.1545 - val_loss: 5.0864 - val_acc: 0.1773
Epoch 32/50
1100/1100 [==============================] - 34s - loss: 5.0903 - acc: 0.1509 - val_loss: 5.0862 - val_acc: 0.1864
Epoch 33/50
1100/1100 [==============================] - 34s - loss: 5.0879 - acc: 0.1500 - val_loss: 5.0860 - val_acc: 0.1818
Epoch 34/50
1100/1100 [==============================] - 34s - loss: 5.0885 - acc: 0.1455 - val_loss: 5.0859 - val_acc: 0.1818
Epoch 35/50
1100/1100 [==============================] - 34s - loss: 5.0899 - acc: 0.1473 - val_loss: 5.0857 - val_acc: 0.1818
Epoch 36/50
1100/1100 [==============================] - 34s - loss: 5.0896 - acc: 0.1500 - val_loss: 5.0856 - val_acc: 0.1727
Epoch 37/50
1100/1100 [==============================] - 34s - loss: 5.0870 - acc: 0.1364 - val_loss: 5.0854 - val_acc: 0.1727
Epoch 38/50
1100/1100 [==============================] - 34s - loss: 5.0894 - acc: 0.1545 - val_loss: 5.0853 - val_acc: 0.1818
Epoch 39/50
1100/1100 [==============================] - 34s - loss: 5.0880 - acc: 0.1600 - val_loss: 5.0852 - val_acc: 0.1818
Epoch 40/50
1100/1100 [==============================] - 34s - loss: 5.0878 - acc: 0.1627 - val_loss: 5.0851 - val_acc: 0.1818
Epoch 41/50
1100/1100 [==============================] - 34s - loss: 5.0884 - acc: 0.1500 - val_loss: 5.0850 - val_acc: 0.1818
Epoch 42/50
1100/1100 [==============================] - 34s - loss: 5.0907 - acc: 0.1473 - val_loss: 5.0849 - val_acc: 0.1773
Epoch 43/50
1100/1100 [==============================] - 34s - loss: 5.0887 - acc: 0.1409 - val_loss: 5.0848 - val_acc: 0.1818
Epoch 44/50
1100/1100 [==============================] - 34s - loss: 5.0874 - acc: 0.1418 - val_loss: 5.0847 - val_acc: 0.1773
Epoch 45/50
1100/1100 [==============================] - 34s - loss: 5.0894 - acc: 0.1418 - val_loss: 5.0847 - val_acc: 0.1818
Epoch 46/50
1100/1100 [==============================] - 34s - loss: 5.0915 - acc: 0.1464 - val_loss: 5.0846 - val_acc: 0.1818
Epoch 47/50
1100/1100 [==============================] - 34s - loss: 5.0897 - acc: 0.1527 - val_loss: 5.0846 - val_acc: 0.1864
Epoch 48/50
1100/1100 [==============================] - 34s - loss: 5.0899 - acc: 0.1464 - val_loss: 5.0845 - val_acc: 0.1864
Epoch 49/50
1100/1100 [==============================] - 34s - loss: 5.0895 - acc: 0.1509 - val_loss: 5.0844 - val_acc: 0.1864
Epoch 50/50
1100/1100 [==============================] - 34s - loss: 5.0889 - acc: 0.1391 - val_loss: 5.0843 - val_acc: 0.1864
Done in 28.89 minutes.
