Loading pickled data...
Done in 1.36 minutes.
Loading word2vec soft labels...
Done in 0.01 seconds.
Building model...
Building "simple" model.
--------------------------------------------------------------------------------
Initial input shape: (None, 3, 224, 224)
--------------------------------------------------------------------------------
Layer (name)                  Output Shape                  Param #             
--------------------------------------------------------------------------------
Convolution2D (convolution2d) (None, 32, 224, 224)          3488                
Activation (activation)       (None, 32, 224, 224)          0                   
Convolution2D (convolution2d) (None, 32, 220, 220)          25632               
Activation (activation)       (None, 32, 220, 220)          0                   
MaxPooling2D (maxpooling2d)   (None, 32, 110, 110)          0                   
Dropout (dropout)             (None, 32, 110, 110)          0                   
Convolution2D (convolution2d) (None, 64, 110, 110)          18496               
Activation (activation)       (None, 64, 110, 110)          0                   
Convolution2D (convolution2d) (None, 64, 108, 108)          36928               
Activation (activation)       (None, 64, 108, 108)          0                   
MaxPooling2D (maxpooling2d)   (None, 64, 54, 54)            0                   
Dropout (dropout)             (None, 64, 54, 54)            0                   
Flatten (flatten)             (None, 186624)                0                   
Dense (dense)                 (None, 512)                   95552000            
Activation (activation)       (None, 512)                   0                   
Dropout (dropout)             (None, 512)                   0                   
Dense (dense)                 (None, 11)                    5643                
Activation (activation)       (None, 11)                    0                   
--------------------------------------------------------------------------------
Total params: 95642187
--------------------------------------------------------------------------------
Done in 22.72 seconds.
Training model...
Train on 1100 samples, validate on 220 samples
Epoch 1/50
1100/1100 [==============================] - 34s - loss: 5.2909 - acc: 0.1082 - val_loss: 5.1259 - val_acc: 0.1364
Epoch 2/50
1100/1100 [==============================] - 34s - loss: 5.1049 - acc: 0.1109 - val_loss: 5.1117 - val_acc: 0.1409
Epoch 3/50
1100/1100 [==============================] - 34s - loss: 5.0966 - acc: 0.1118 - val_loss: 5.1069 - val_acc: 0.1409
Epoch 4/50
1100/1100 [==============================] - 34s - loss: 5.0969 - acc: 0.1082 - val_loss: 5.1041 - val_acc: 0.1273
Epoch 5/50
1100/1100 [==============================] - 34s - loss: 5.0881 - acc: 0.1136 - val_loss: 5.1019 - val_acc: 0.1273
Epoch 6/50
1100/1100 [==============================] - 34s - loss: 5.0868 - acc: 0.1155 - val_loss: 5.1019 - val_acc: 0.1409
Epoch 7/50
1100/1100 [==============================] - 34s - loss: 5.0840 - acc: 0.1245 - val_loss: 5.0995 - val_acc: 0.1409
Epoch 8/50
1100/1100 [==============================] - 34s - loss: 5.0857 - acc: 0.1236 - val_loss: 5.0988 - val_acc: 0.1364
Epoch 9/50
1100/1100 [==============================] - 34s - loss: 5.0830 - acc: 0.1309 - val_loss: 5.0986 - val_acc: 0.1364
Epoch 10/50
1100/1100 [==============================] - 34s - loss: 5.0797 - acc: 0.1445 - val_loss: 5.0975 - val_acc: 0.1409
Epoch 11/50
1100/1100 [==============================] - 34s - loss: 5.0782 - acc: 0.1318 - val_loss: 5.0963 - val_acc: 0.1409
Epoch 12/50
1100/1100 [==============================] - 34s - loss: 5.0770 - acc: 0.1300 - val_loss: 5.0959 - val_acc: 0.1500
Epoch 13/50
1100/1100 [==============================] - 34s - loss: 5.0771 - acc: 0.1455 - val_loss: 5.0960 - val_acc: 0.1545
Epoch 14/50
1100/1100 [==============================] - 34s - loss: 5.0782 - acc: 0.1327 - val_loss: 5.0951 - val_acc: 0.1545
Epoch 15/50
1100/1100 [==============================] - 34s - loss: 5.0726 - acc: 0.1318 - val_loss: 5.0944 - val_acc: 0.1545
Epoch 16/50
1100/1100 [==============================] - 34s - loss: 5.0822 - acc: 0.1264 - val_loss: 5.0947 - val_acc: 0.1545
Epoch 17/50
1100/1100 [==============================] - 34s - loss: 5.0758 - acc: 0.1418 - val_loss: 5.0939 - val_acc: 0.1545
Epoch 18/50
1100/1100 [==============================] - 34s - loss: 5.0756 - acc: 0.1373 - val_loss: 5.0940 - val_acc: 0.1545
Epoch 19/50
1100/1100 [==============================] - 34s - loss: 5.0739 - acc: 0.1355 - val_loss: 5.0936 - val_acc: 0.1545
Epoch 20/50
1100/1100 [==============================] - 34s - loss: 5.0738 - acc: 0.1291 - val_loss: 5.0934 - val_acc: 0.1545
Epoch 21/50
1100/1100 [==============================] - 34s - loss: 5.0696 - acc: 0.1573 - val_loss: 5.0928 - val_acc: 0.1545
Epoch 22/50
1100/1100 [==============================] - 34s - loss: 5.0735 - acc: 0.1509 - val_loss: 5.0924 - val_acc: 0.1591
Epoch 23/50
1100/1100 [==============================] - 34s - loss: 5.0769 - acc: 0.1391 - val_loss: 5.0925 - val_acc: 0.1591
Epoch 24/50
1100/1100 [==============================] - 34s - loss: 5.0729 - acc: 0.1427 - val_loss: 5.0920 - val_acc: 0.1591
Epoch 25/50
1100/1100 [==============================] - 34s - loss: 5.0703 - acc: 0.1545 - val_loss: 5.0915 - val_acc: 0.1591
Epoch 26/50
1100/1100 [==============================] - 34s - loss: 5.0720 - acc: 0.1673 - val_loss: 5.0913 - val_acc: 0.1636
Epoch 27/50
1100/1100 [==============================] - 34s - loss: 5.0752 - acc: 0.1455 - val_loss: 5.0913 - val_acc: 0.1636
Epoch 28/50
1100/1100 [==============================] - 34s - loss: 5.0695 - acc: 0.1500 - val_loss: 5.0915 - val_acc: 0.1682
Epoch 29/50
1100/1100 [==============================] - 34s - loss: 5.0766 - acc: 0.1427 - val_loss: 5.0917 - val_acc: 0.1682
Epoch 30/50
1100/1100 [==============================] - 34s - loss: 5.0710 - acc: 0.1755 - val_loss: 5.0910 - val_acc: 0.1682
Epoch 31/50
1100/1100 [==============================] - 34s - loss: 5.0687 - acc: 0.1591 - val_loss: 5.0907 - val_acc: 0.1682
Epoch 32/50
1100/1100 [==============================] - 34s - loss: 5.0686 - acc: 0.1655 - val_loss: 5.0905 - val_acc: 0.1682
Epoch 33/50
1100/1100 [==============================] - 34s - loss: 5.0731 - acc: 0.1382 - val_loss: 5.0907 - val_acc: 0.1727
Epoch 34/50
1100/1100 [==============================] - 34s - loss: 5.0682 - acc: 0.1591 - val_loss: 5.0901 - val_acc: 0.1682
Epoch 35/50
1100/1100 [==============================] - 34s - loss: 5.0706 - acc: 0.1591 - val_loss: 5.0898 - val_acc: 0.1727
Epoch 36/50
1100/1100 [==============================] - 34s - loss: 5.0728 - acc: 0.1582 - val_loss: 5.0897 - val_acc: 0.1727
Epoch 37/50
1100/1100 [==============================] - 34s - loss: 5.0752 - acc: 0.1709 - val_loss: 5.0899 - val_acc: 0.1727
Epoch 38/50
1100/1100 [==============================] - 34s - loss: 5.0735 - acc: 0.1445 - val_loss: 5.0899 - val_acc: 0.1727
Epoch 39/50
1100/1100 [==============================] - 34s - loss: 5.0670 - acc: 0.1782 - val_loss: 5.0898 - val_acc: 0.1727
Epoch 40/50
1100/1100 [==============================] - 34s - loss: 5.0699 - acc: 0.1600 - val_loss: 5.0896 - val_acc: 0.1727
Epoch 41/50
1100/1100 [==============================] - 34s - loss: 5.0678 - acc: 0.1573 - val_loss: 5.0891 - val_acc: 0.1727
Epoch 42/50
1100/1100 [==============================] - 34s - loss: 5.0668 - acc: 0.1673 - val_loss: 5.0890 - val_acc: 0.1727
Epoch 43/50
1100/1100 [==============================] - 34s - loss: 5.0700 - acc: 0.1555 - val_loss: 5.0891 - val_acc: 0.1727
Epoch 44/50
1100/1100 [==============================] - 34s - loss: 5.0678 - acc: 0.1627 - val_loss: 5.0889 - val_acc: 0.1727
Epoch 45/50
1100/1100 [==============================] - 34s - loss: 5.0621 - acc: 0.1518 - val_loss: 5.0885 - val_acc: 0.1727
Epoch 46/50
1100/1100 [==============================] - 34s - loss: 5.0664 - acc: 0.1645 - val_loss: 5.0885 - val_acc: 0.1727
Epoch 47/50
1100/1100 [==============================] - 34s - loss: 5.0668 - acc: 0.1518 - val_loss: 5.0883 - val_acc: 0.1727
Epoch 48/50
1100/1100 [==============================] - 34s - loss: 5.0675 - acc: 0.1482 - val_loss: 5.0881 - val_acc: 0.1682
Epoch 49/50
1100/1100 [==============================] - 34s - loss: 5.0640 - acc: 0.1591 - val_loss: 5.0879 - val_acc: 0.1682
Epoch 50/50
1100/1100 [==============================] - 34s - loss: 5.0675 - acc: 0.1536 - val_loss: 5.0877 - val_acc: 0.1682
Done in 28.9 minutes.
